[2026-06-19T19:49:41Z] auto-run start: state=INIT
[2026-06-19T19:49:41Z] auto-run: running step=planner
[2026-06-19T19:49:41Z] prompt: resolved=prompts/generic/planner.md source=generic
[2026-06-19T19:49:41Z] prompt: generic fallback — injecting runs/T002/ticket.md
[2026-06-19T19:49:41Z] compose: global-context=docs/ai/global-context.md
[2026-06-19T19:49:41Z] compose: role=ai/roles/planner.md
[2026-06-19T19:49:41Z] compose: skill=ai/skills/workflow-discipline.md
[2026-06-19T19:49:41Z] compose: skill=ai/skills/architecture-discipline.md
[2026-06-19T19:49:41Z] compose: skill=ai/skills/documentation.md
[2026-06-19T19:49:41Z] compose: task (canonical prompt)
[2026-06-19T19:49:41Z] snapshot: runtime-prompt=runs/T002/prompts/planner-attempt-1.md
[2026-06-19T19:51:17Z] auto-run: step=planner done rc=0
[2026-06-19T19:51:19Z] planner checkpoint: committed
[2026-06-19T19:51:19Z] planner checkpoint: pushed
[2026-06-19T19:51:19Z] planner validation success
[2026-06-19T19:51:19Z] auto-run: transition INIT → PLAN_REVIEW_NEEDED
[2026-06-19T19:51:19Z] auto-run: auto-commit triggered (step=planner, include_code=True)
[2026-06-19T19:51:19Z] commit-checkpoint: unstaged runtime garbage: ['runs/T002/runtime.log']
[2026-06-19T19:51:19Z] commit-checkpoint: sha=964321d files=2 title='docs(T002/workflow): planner — update 2 file(s)'
[2026-06-19T19:51:19Z] auto-run: auto-push triggered
[2026-06-19T19:51:19Z] push: tolerating runtime dirty files (not blocking): ['runs/T002/runtime.log']
[2026-06-19T19:51:19Z] push: pushing branch=ticket/T002-t002-bootstrap-backend-foundation
[2026-06-19T19:51:21Z] push: done branch=ticket/T002-t002-bootstrap-backend-foundation
