[2026-06-19T19:47:32Z] auto-run start: state=INIT
[2026-06-19T19:47:32Z] auto-run: running step=planner
[2026-06-19T19:47:32Z] prompt: resolved=prompts/generic/planner.md source=generic
[2026-06-19T19:47:32Z] prompt: generic fallback — injecting runs/T001/ticket.md
[2026-06-19T19:47:32Z] compose: global-context=docs/ai/global-context.md
[2026-06-19T19:47:32Z] compose: role=ai/roles/planner.md
[2026-06-19T19:47:32Z] compose: skill=ai/skills/workflow-discipline.md
[2026-06-19T19:47:32Z] compose: skill=ai/skills/architecture-discipline.md
[2026-06-19T19:47:32Z] compose: skill=ai/skills/documentation.md
[2026-06-19T19:47:32Z] compose: task (canonical prompt)
[2026-06-19T19:47:32Z] snapshot: runtime-prompt=runs/T001/prompts/planner-attempt-1.md
[2026-06-19T19:49:03Z] auto-run: step=planner done rc=0
[2026-06-19T19:51:59Z] auto-run start: state=INIT
[2026-06-19T19:51:59Z] auto-run: running step=planner
[2026-06-19T19:51:59Z] prompt: resolved=prompts/generic/planner.md source=generic
[2026-06-19T19:51:59Z] prompt: generic fallback — injecting runs/T001/ticket.md
[2026-06-19T19:51:59Z] compose: global-context=docs/ai/global-context.md
[2026-06-19T19:51:59Z] compose: role=ai/roles/planner.md
[2026-06-19T19:51:59Z] compose: skill=ai/skills/workflow-discipline.md
[2026-06-19T19:51:59Z] compose: skill=ai/skills/architecture-discipline.md
[2026-06-19T19:51:59Z] compose: skill=ai/skills/documentation.md
[2026-06-19T19:51:59Z] compose: task (canonical prompt)
[2026-06-19T19:51:59Z] snapshot: runtime-prompt=runs/T001/prompts/planner-attempt-2.md
[2026-06-19T19:53:27Z] auto-run: step=planner done rc=0
